Tue Nov 29 12:38:50 CET 2022: Full log file is: ./gridss.full.20221129_123850.msg.2541790.log
Tue Nov 29 12:38:50 CET 2022: Found /usr/bin/time
Tue Nov 29 12:38:50 CET 2022: Using GRIDSS jar /home/msubirana/Documents/phd/repos/cancer-sv-pipeline/install_dir/gridss/gridss/gridss-2.13.2-gridss-jar-with-dependencies.jar
Tue Nov 29 12:38:50 CET 2022: Using reference genome "/mnt/lp-lab1/refs/GCA_000001405.15_GRCh38_no_alt_analysis_set/GCA_000001405.15_GRCh38_no_alt_analysis_set.fa"
Tue Nov 29 12:38:50 CET 2022: Using output VCF /home/msubirana/Documents/phd/repos/cancer-sv-pipeline/results/gridss/NET25.vcf
Tue Nov 29 12:38:50 CET 2022: Using assembly bam /home/msubirana/Documents/phd/repos/cancer-sv-pipeline/results/gridss/NET25.vcf.assembly.bam
Tue Nov 29 12:38:50 CET 2022: Using 8 worker threads.
Tue Nov 29 12:38:50 CET 2022: Using blacklist /home/msubirana/Documents/phd/repos/cancer-sv-pipeline/install_dir/gridss/gridss/exclude_list.bed
Tue Nov 29 12:38:50 CET 2022: Using JVM maximum heap size of 30g for assembly and variant calling.
Tue Nov 29 12:38:50 CET 2022: Using input file /home/msubirana/Documents/phd/sv_prove/NET25_BL.bam
Tue Nov 29 12:38:50 CET 2022: Using input file /home/msubirana/Documents/phd/sv_prove/NET25_TI.bam
Tue Nov 29 12:38:50 CET 2022: Found /home/msubirana/Documents/phd/repos/cancer-sv-pipeline/workflow/.snakemake/conda/4bc19b3a9841383958e5fc508e170b7e_/bin/Rscript
Tue Nov 29 12:38:50 CET 2022: Found /home/msubirana/Documents/phd/repos/cancer-sv-pipeline/workflow/.snakemake/conda/4bc19b3a9841383958e5fc508e170b7e_/bin/samtools
Tue Nov 29 12:38:50 CET 2022: Found /home/msubirana/Documents/phd/repos/cancer-sv-pipeline/workflow/.snakemake/conda/4bc19b3a9841383958e5fc508e170b7e_/bin/java
Tue Nov 29 12:38:50 CET 2022: Found /home/msubirana/Documents/phd/repos/cancer-sv-pipeline/workflow/.snakemake/conda/4bc19b3a9841383958e5fc508e170b7e_/bin/bwa
Tue Nov 29 12:38:50 CET 2022: samtools version: 1.13+htslib-1.13
Tue Nov 29 12:38:50 CET 2022: R version: R scripting front-end version 4.1.1 (2021-08-10)
Tue Nov 29 12:38:50 CET 2022: bwa Version: 0.7.17-r1188
Tue Nov 29 12:38:50 CET 2022: time version: GNU time 1.7
Tue Nov 29 12:38:50 CET 2022: bash version: GNU bash, version 5.0.17(1)-release (x86_64-pc-linux-gnu)
Tue Nov 29 12:38:51 CET 2022: java version: openjdk version "11.0.1-internal" 2018-10-16	OpenJDK Runtime Environment (build 11.0.1-internal+0-adhoc..src)	OpenJDK 64-Bit Server VM (build 11.0.1-internal+0-adhoc..src, mixed mode)	
Tue Nov 29 12:38:51 CET 2022: Max file handles: 1048576
Tue Nov 29 12:38:51 CET 2022: Running GRIDSS steps: setupreference, preprocess, assemble, call,
Tue Nov 29 12:38:51 CET 2022: Running	bwa index	(once-off setup for reference genome)
[bwa_index] Pack FASTA... 