Tue Jan 24 01:41:04 CET 2023: Full log file is: /home/msubirana/Documents/phd/repos/cancer-sv-pipeline/workflow/data/gridss.full.20230124_014104.msg.204907.log
Tue Jan 24 01:41:04 CET 2023: Found /usr/bin/time
Tue Jan 24 01:41:04 CET 2023: Using GRIDSS jar /home/msubirana/Documents/phd/repos/cancer-sv-pipeline/workflow/.snakemake/conda/3bf62699/share/gridss-2.11.1-1/gridss.jar
Tue Jan 24 01:41:04 CET 2023: Using reference genome "/mnt/lp-lab1/refs/GCA_000001405.15_GRCh38_no_alt_analysis_set/GCA_000001405.15_GRCh38_no_alt_analysis_set.fa"
Tue Jan 24 01:41:04 CET 2023: Using output VCF /home/msubirana/Documents/phd/repos/cancer-sv-pipeline/workflow/data/exclude_list.bed
Tue Jan 24 01:41:04 CET 2023: Using assembly bam /home/msubirana/Documents/phd/repos/cancer-sv-pipeline/workflow/data/exclude_list.bed.assembly.bam
Tue Jan 24 01:41:04 CET 2023: Using 8 worker threads.
Tue Jan 24 01:41:04 CET 2023: Using blacklist /home/msubirana/Documents/phd/sv_prove/NET25_BL.bam
Tue Jan 24 01:41:04 CET 2023: Using JVM maximum heap size of 30g for assembly and variant calling.
Tue Jan 24 01:41:04 CET 2023: Using input file /home/msubirana/Documents/phd/sv_prove/NET25_TI.bam
Tue Jan 24 01:41:04 CET 2023: Found /home/msubirana/Documents/phd/repos/cancer-sv-pipeline/workflow/.snakemake/conda/3bf62699/bin/Rscript
Tue Jan 24 01:41:04 CET 2023: Found /home/msubirana/Documents/phd/repos/cancer-sv-pipeline/workflow/.snakemake/conda/3bf62699/bin/samtools
Tue Jan 24 01:41:04 CET 2023: Found /home/msubirana/Documents/phd/repos/cancer-sv-pipeline/workflow/.snakemake/conda/3bf62699/bin/java
Tue Jan 24 01:41:04 CET 2023: Found /home/msubirana/Documents/phd/repos/cancer-sv-pipeline/workflow/.snakemake/conda/3bf62699/bin/bwa
Tue Jan 24 01:41:04 CET 2023: samtools version: 1.13+htslib-1.13
Tue Jan 24 01:41:04 CET 2023: R version: R scripting front-end version 4.1.1 (2021-08-10)
Tue Jan 24 01:41:04 CET 2023: bwa Version: 0.7.17-r1188
Tue Jan 24 01:41:04 CET 2023: time version: GNU time 1.7
Tue Jan 24 01:41:04 CET 2023: bash version: GNU bash, version 5.0.17(1)-release (x86_64-pc-linux-gnu)
Tue Jan 24 01:41:04 CET 2023: java version: openjdk version "11.0.1" 2018-10-16 LTS	OpenJDK Runtime Environment Zulu11.2+3 (build 11.0.1+13-LTS)	OpenJDK 64-Bit Server VM Zulu11.2+3 (build 11.0.1+13-LTS, mixed mode)	
Tue Jan 24 01:41:04 CET 2023: Max file handles: 1048576
Tue Jan 24 01:41:04 CET 2023: Running GRIDSS steps: setupreference, preprocess, assemble, call,
Tue Jan 24 01:41:04 CET 2023: Start pre-processing	/home/msubirana/Documents/phd/sv_prove/NET25_TI.bam
Tue Jan 24 01:41:04 CET 2023: Running	CollectGridssMetrics	/home/msubirana/Documents/phd/sv_prove/NET25_TI.bam	first 10000000 records
INFO	2023-01-24 01:41:04	Defaults	Found file for property samjdk.reference_fasta: /mnt/lp-lab1/refs/GCA_000001405.15_GRCh38_no_alt_analysis_set/GCA_000001405.15_GRCh38_no_alt_analysis_set.fa 
INFO	2023-01-24 01:41:05	CollectGridssMetrics	

********** NOTE: Picard's command line syntax is changing.
**********
********** For more information, please see:
********** https://github.com/broadinstitute/picard/wiki/Command-Line-Syntax-Transition-For-Users-(Pre-Transition)
**********
********** The command line looks like this in the new syntax:
**********
**********    CollectGridssMetrics -REFERENCE_SEQUENCE /mnt/lp-lab1/refs/GCA_000001405.15_GRCh38_no_alt_analysis_set/GCA_000001405.15_GRCh38_no_alt_analysis_set.fa -TMP_DIR /home/msubirana/Documents/phd/repos/cancer-sv-pipeline/workflow/data/NET25_TI.bam.gridss.working -ASSUME_SORTED true -I /home/msubirana/Documents/phd/sv_prove/NET25_TI.bam -O /home/msubirana/Documents/phd/repos/cancer-sv-pipeline/workflow/data/NET25_TI.bam.gridss.working/tmp.NET25_TI.bam -THRESHOLD_COVERAGE 50000 -FILE_EXTENSION null -GRIDSS_PROGRAM null -GRIDSS_PROGRAM CollectIdsvMetrics -PROGRAM null -PROGRAM CollectInsertSizeMetrics -STOP_AFTER 10000000
**********


01:41:05.332 INFO  NativeLibraryLoader - Loading libgkl_compression.so from jar:file:/home/msubirana/Documents/phd/repos/cancer-sv-pipeline/workflow/.snakemake/conda/3bf62699/share/gridss-2.11.1-1/gridss.jar!/com/intel/gkl/native/libgkl_compression.so
[Tue Jan 24 01:41:05 CET 2023] CollectGridssMetrics GRIDSS_PROGRAM=[CollectIdsvMetrics] THRESHOLD_COVERAGE=50000 INPUT=/home/msubirana/Documents/phd/sv_prove/NET25_TI.bam ASSUME_SORTED=true STOP_AFTER=10000000 OUTPUT=/home/msubirana/Documents/phd/repos/cancer-sv-pipeline/workflow/data/NET25_TI.bam.gridss.working/tmp.NET25_TI.bam FILE_EXTENSION=null PROGRAM=[CollectInsertSizeMetrics] TMP_DIR=[/home/msubirana/Documents/phd/repos/cancer-sv-pipeline/workflow/data/NET25_TI.bam.gridss.working] REFERENCE_SEQUENCE=/mnt/lp-lab1/refs/GCA_000001405.15_GRCh38_no_alt_analysis_set/GCA_000001405.15_GRCh38_no_alt_analysis_set.fa    METRIC_ACCUMULATION_LEVEL=[ALL_READS] INCLUDE_UNPAIRED=false VERBOSITY=INFO QUIET=false VALIDATION_STRINGENCY=STRICT COMPRESSION_LEVEL=5 MAX_RECORDS_IN_RAM=500000 CREATE_INDEX=false CREATE_MD5_FILE=false GA4GH_CLIENT_SECRETS=client_secrets.json USE_JDK_DEFLATER=false USE_JDK_INFLATER=false
[Tue Jan 24 01:41:05 CET 2023] Executing as msubirana@msg on Linux 5.14.0-1056-oem amd64; OpenJDK 64-Bit Server VM 11.0.1+13-LTS; Deflater: Intel; Inflater: Intel; Provider GCS is not available; Picard version: 2.11.1-gridss
INFO	2023-01-24 01:43:33	RExecutor	Executing R script via command: Rscript /home/msubirana/Documents/phd/repos/cancer-sv-pipeline/workflow/data/NET25_TI.bam.gridss.working/script5293109838464315971.R /home/msubirana/Documents/phd/repos/cancer-sv-pipeline/workflow/data/NET25_TI.bam.gridss.working/tmp.NET25_TI.bam.insert_size_metrics /home/msubirana/Documents/phd/repos/cancer-sv-pipeline/workflow/data/NET25_TI.bam.gridss.working/tmp.NET25_TI.bam.insert_size_histogram.pdf NET25_TI.bam
INFO	2023-01-24 01:43:34	ProcessExecutor	null device 
INFO	2023-01-24 01:43:34	ProcessExecutor	          1 
[Tue Jan 24 01:43:34 CET 2023] gridss.analysis.CollectGridssMetrics done. Elapsed time: 2.48 minutes.
Runtime.totalMemory()=1173356544
Tue Jan 24 01:43:34 CET 2023: Running	CollectGridssMetricsAndExtractSVReads|samtools	/home/msubirana/Documents/phd/sv_prove/NET25_TI.bam
INFO	2023-01-24 01:43:34	Defaults	Found file for property samjdk.reference_fasta: /mnt/lp-lab1/refs/GCA_000001405.15_GRCh38_no_alt_analysis_set/GCA_000001405.15_GRCh38_no_alt_analysis_set.fa 
INFO	2023-01-24 01:43:34	CollectGridssMetricsAndExtractSVReads	

********** NOTE: Picard's command line syntax is changing.
**********
********** For more information, please see:
********** https://github.com/broadinstitute/picard/wiki/Command-Line-Syntax-Transition-For-Users-(Pre-Transition)
**********
********** The command line looks like this in the new syntax:
**********
**********    CollectGridssMetricsAndExtractSVReads -REFERENCE_SEQUENCE /mnt/lp-lab1/refs/GCA_000001405.15_GRCh38_no_alt_analysis_set/GCA_000001405.15_GRCh38_no_alt_analysis_set.fa -TMP_DIR /home/msubirana/Documents/phd/repos/cancer-sv-pipeline/workflow/data/NET25_TI.bam.gridss.working -ASSUME_SORTED true -I /home/msubirana/Documents/phd/sv_prove/NET25_TI.bam -O /home/msubirana/Documents/phd/repos/cancer-sv-pipeline/workflow/data/NET25_TI.bam.gridss.working/NET25_TI.bam -THRESHOLD_COVERAGE 50000 -FILE_EXTENSION null -GRIDSS_PROGRAM null -GRIDSS_PROGRAM CollectCigarMetrics -GRIDSS_PROGRAM CollectMapqMetrics -GRIDSS_PROGRAM CollectTagMetrics -GRIDSS_PROGRAM CollectIdsvMetrics -GRIDSS_PROGRAM ReportThresholdCoverage -PROGRAM null -PROGRAM CollectInsertSizeMetrics -SV_OUTPUT /dev/stdout -COMPRESSION_LEVEL 0 -INSERT_SIZE_METRICS /home/msubirana/Documents/phd/repos/cancer-sv-pipeline/workflow/data/NET25_TI.bam.gridss.working/tmp.NET25_TI.bam.insert_size_metrics -READ_PAIR_CONCORDANT_PERCENT 0.995 -UNMAPPED_READS false -MIN_CLIP_LENGTH 5 -INCLUDE_DUPLICATES true
**********


01:43:34.759 INFO  NativeLibraryLoader - Loading libgkl_compression.so from jar:file:/home/msubirana/Documents/phd/repos/cancer-sv-pipeline/workflow/.snakemake/conda/3bf62699/share/gridss-2.11.1-1/gridss.jar!/com/intel/gkl/native/libgkl_compression.so
[Tue Jan 24 01:43:34 CET 2023] CollectGridssMetricsAndExtractSVReads MIN_CLIP_LENGTH=5 READ_PAIR_CONCORDANT_PERCENT=0.995 INSERT_SIZE_METRICS=/home/msubirana/Documents/phd/repos/cancer-sv-pipeline/workflow/data/NET25_TI.bam.gridss.working/tmp.NET25_TI.bam.insert_size_metrics UNMAPPED_READS=false INCLUDE_DUPLICATES=true SV_OUTPUT=/dev/stdout GRIDSS_PROGRAM=[CollectCigarMetrics, CollectMapqMetrics, CollectTagMetrics, CollectIdsvMetrics, ReportThresholdCoverage] THRESHOLD_COVERAGE=50000 INPUT=/home/msubirana/Documents/phd/sv_prove/NET25_TI.bam ASSUME_SORTED=true OUTPUT=/home/msubirana/Documents/phd/repos/cancer-sv-pipeline/workflow/data/NET25_TI.bam.gridss.working/NET25_TI.bam FILE_EXTENSION=null PROGRAM=[CollectInsertSizeMetrics] TMP_DIR=[/home/msubirana/Documents/phd/repos/cancer-sv-pipeline/workflow/data/NET25_TI.bam.gridss.working] COMPRESSION_LEVEL=0 REFERENCE_SEQUENCE=/mnt/lp-lab1/refs/GCA_000001405.15_GRCh38_no_alt_analysis_set/GCA_000001405.15_GRCh38_no_alt_analysis_set.fa    MIN_INDEL_SIZE=1 CLIPPED=true INDELS=true SPLIT=true SINGLE_MAPPED_PAIRED=true DISCORDANT_READ_PAIRS=true STOP_AFTER=0 METRIC_ACCUMULATION_LEVEL=[ALL_READS] INCLUDE_UNPAIRED=false VERBOSITY=INFO QUIET=false VALIDATION_STRINGENCY=STRICT MAX_RECORDS_IN_RAM=500000 CREATE_INDEX=false CREATE_MD5_FILE=false GA4GH_CLIENT_SECRETS=client_secrets.json USE_JDK_DEFLATER=false USE_JDK_INFLATER=false
[Tue Jan 24 01:43:34 CET 2023] Executing as msubirana@msg on Linux 5.14.0-1056-oem amd64; OpenJDK 64-Bit Server VM 11.0.1+13-LTS; Deflater: Intel; Inflater: Intel; Provider GCS is not available; Picard version: 2.11.1-gridss
INFO	2023-01-24 01:43:34	SAMFileWriterFactory	Unknown file extension, assuming BAM format when writing file: file:///dev/stdout
INFO	2023-01-24 01:43:47	ExtractSVReads	Extracted 446126 reads from /home/msubirana/Documents/phd/sv_prove/NET25_TI.bam
INFO	2023-01-24 01:44:03	RExecutor	Executing R script via command: Rscript /home/msubirana/Documents/phd/repos/cancer-sv-pipeline/workflow/data/NET25_TI.bam.gridss.working/script17184493284966638257.R /home/msubirana/Documents/phd/repos/cancer-sv-pipeline/workflow/data/NET25_TI.bam.gridss.working/NET25_TI.bam.insert_size_metrics /home/msubirana/Documents/phd/repos/cancer-sv-pipeline/workflow/data/NET25_TI.bam.gridss.working/NET25_TI.bam.insert_size_histogram.pdf NET25_TI.bam
INFO	2023-01-24 01:44:04	ProcessExecutor	null device 
INFO	2023-01-24 01:44:04	ProcessExecutor	          1 
[Tue Jan 24 01:44:04 CET 2023] gridss.CollectGridssMetricsAndExtractSVReads done. Elapsed time: 0.49 minutes.
Runtime.totalMemory()=1064304640
[bam_sort_core] merging from 0 files and 8 in-memory blocks...
Tue Jan 24 01:44:05 CET 2023: Running	PreprocessForBreakendAssembly|samtools	/home/msubirana/Documents/phd/sv_prove/NET25_TI.bam
INFO	2023-01-24 01:44:05	Defaults	Found file for property samjdk.reference_fasta: /mnt/lp-lab1/refs/GCA_000001405.15_GRCh38_no_alt_analysis_set/GCA_000001405.15_GRCh38_no_alt_analysis_set.fa 
INFO	2023-01-24 01:44:05	PreprocessForBreakendAssembly	

********** NOTE: Picard's command line syntax is changing.
**********
********** For more information, please see:
********** https://github.com/broadinstitute/picard/wiki/Command-Line-Syntax-Transition-For-Users-(Pre-Transition)
**********
********** The command line looks like this in the new syntax:
**********
**********    PreprocessForBreakendAssembly -TMP_DIR /home/msubirana/Documents/phd/repos/cancer-sv-pipeline/workflow/data/NET25_TI.bam.gridss.working -WORKING_DIR /home/msubirana/Documents/phd/repos/cancer-sv-pipeline/workflow/data -REFERENCE_SEQUENCE /mnt/lp-lab1/refs/GCA_000001405.15_GRCh38_no_alt_analysis_set/GCA_000001405.15_GRCh38_no_alt_analysis_set.fa -COMPRESSION_LEVEL 0 -I /home/msubirana/Documents/phd/repos/cancer-sv-pipeline/workflow/data/NET25_TI.bam.gridss.working/tmp.NET25_TI.bam.namedsorted.bam -O /dev/stdout -WORKER_THREADS 8 -ALIGNER BWAMEM -ALIGNER_BATCH_SIZE 10000 -MODIFICATION_SUMMARY_FILE /home/msubirana/Documents/phd/repos/cancer-sv-pipeline/workflow/data/NET25_TI.bam.gridss.working/NET25_TI.bam.computesamtags.changes.tsv
**********


01:44:05.896 INFO  NativeLibraryLoader - Loading libgkl_compression.so from jar:file:/home/msubirana/Documents/phd/repos/cancer-sv-pipeline/workflow/.snakemake/conda/3bf62699/share/gridss-2.11.1-1/gridss.jar!/com/intel/gkl/native/libgkl_compression.so
[Tue Jan 24 01:44:05 CET 2023] PreprocessForBreakendAssembly ALIGNER=BWAMEM ALIGNER_BATCH_SIZE=10000 INPUT=/home/msubirana/Documents/phd/repos/cancer-sv-pipeline/workflow/data/NET25_TI.bam.gridss.working/tmp.NET25_TI.bam.namedsorted.bam OUTPUT=/dev/stdout MODIFICATION_SUMMARY_FILE=/home/msubirana/Documents/phd/repos/cancer-sv-pipeline/workflow/data/NET25_TI.bam.gridss.working/NET25_TI.bam.computesamtags.changes.tsv WORKER_THREADS=8 WORKING_DIR=/home/msubirana/Documents/phd/repos/cancer-sv-pipeline/workflow/data TMP_DIR=[/home/msubirana/Documents/phd/repos/cancer-sv-pipeline/workflow/data/NET25_TI.bam.gridss.working] COMPRESSION_LEVEL=0 REFERENCE_SEQUENCE=/mnt/lp-lab1/refs/GCA_000001405.15_GRCh38_no_alt_analysis_set/GCA_000001405.15_GRCh38_no_alt_analysis_set.fa    MIN_CLIP_LENGTH=20 MIN_CLIP_QUAL=5.0 ASSUME_SORTED=false FALLBACK_BASE_QUALITY=20 IGNORE_DUPLICATES=true VERBOSITY=INFO QUIET=false VALIDATION_STRINGENCY=STRICT MAX_RECORDS_IN_RAM=500000 CREATE_INDEX=false CREATE_MD5_FILE=false GA4GH_CLIENT_SECRETS=client_secrets.json USE_JDK_DEFLATER=false USE_JDK_INFLATER=false
[Tue Jan 24 01:44:05 CET 2023] Executing as msubirana@msg on Linux 5.14.0-1056-oem amd64; OpenJDK 64-Bit Server VM 11.0.1+13-LTS; Deflater: Intel; Inflater: Intel; Provider GCS is not available; Picard version: 2.11.1-gridss
INFO	2023-01-24 01:44:05	BwaAligner	Loading bwa mem index image from /mnt/lp-lab1/refs/GCA_000001405.15_GRCh38_no_alt_analysis_set/GCA_000001405.15_GRCh38_no_alt_analysis_set.fa.img
INFO	2023-01-24 01:44:06	SAMFileWriterFactory	Unknown file extension, assuming BAM format when writing file: file:///dev/stdout
INFO	2023-01-24 01:44:06	StreamingSplitReadRealigner	Seen many non-increasing record positions. Printing Read-names as well.
WARNING	2023-01-24 01:44:06	SAMRecordUtil	Unable to restore hard clipping of truncated read E00602:338:H5KTCCCX2:1:1116:3904:15883. No sequence match to full length alignment record.
WARNING	2023-01-24 01:44:06	SAMRecordUtil	Unable to restore hard clipping of truncated read E00602:338:H5KTCCCX2:1:1119:14499:11312. No sequence match to full length alignment record.
WARNING	2023-01-24 01:45:53	SAMRecordUtil	Unable to restore hard clipping of truncated read E00602:338:H5KTCCCX2:1:1207:12987:23530. No sequence match to full length alignment record.
WARNING	2023-01-24 01:45:58	SAMRecordUtil	Unable to restore hard clipping of truncated read E00602:338:H5KTCCCX2:1:1217:18294:68201. No sequence match to full length alignment record.
WARNING	2023-01-24 01:45:58	SAMRecordUtil	Unable to restore hard clipping of truncated read E00602:338:H5KTCCCX2:1:2106:22739:22739. No sequence match to full length alignment record.
WARNING	2023-01-24 01:46:07	SAMRecordUtil	Unable to restore hard clipping of truncated read E00602:338:H5KTCCCX2:1:2206:19390:53645. No sequence match to full length alignment record.
WARNING	2023-01-24 01:46:07	SAMRecordUtil	Unable to restore hard clipping of truncated read E00602:338:H5KTCCCX2:1:2206:25885:27415. No sequence match to full length alignment record.
WARNING	2023-01-24 01:46:07	SAMRecordUtil	Unable to restore hard clipping of truncated read E00602:338:H5KTCCCX2:1:2212:5233:66461. No sequence match to full length alignment record.
WARNING	2023-01-24 01:46:07	SAMRecordUtil	Unable to restore hard clipping of truncated read E00602:338:H5KTCCCX2:1:2214:31152:72297. No sequence match to full length alignment record.
WARNING	2023-01-24 01:46:15	SAMRecordUtil	Unable to restore hard clipping of truncated read E00602:338:H5KTCCCX2:2:1101:1813:37190. No sequence match to full length alignment record.
WARNING	2023-01-24 01:46:15	SAMRecordUtil	Unable to restore hard clipping of truncated read E00602:338:H5KTCCCX2:2:1102:19025:68060. No sequence match to full length alignment record.
WARNING	2023-01-24 01:46:24	SAMRecordUtil	Unable to restore hard clipping of truncated read E00602:338:H5KTCCCX2:2:1118:20557:34078. No sequence match to full length alignment record.
WARNING	2023-01-24 01:46:24	SAMRecordUtil	Unable to restore hard clipping of truncated read E00602:338:H5KTCCCX2:2:1123:8714:8464. No sequence match to full length alignment record.
WARNING	2023-01-24 01:46:39	SAMRecordUtil	Unable to restore hard clipping of truncated read E00602:338:H5KTCCCX2:2:1205:27082:22739. No sequence match to full length alignment record.
WARNING	2023-01-24 01:46:39	SAMRecordUtil	Input sanity check failure: different alignment records imply different read lengths E00602:338:H5KTCCCX2:2:1214:29538:46472. This can be cause by GATK indel realignment incorrectly removing hard clipped bases when realigning. Do not use GATK indel realigned BAM files with GRIDSS.
WARNING	2023-01-24 01:46:39	SAMRecordUtil	Unable to restore hard clipping of truncated read E00602:338:H5KTCCCX2:2:1215:17959:71242. No sequence match to full length alignment record.
WARNING	2023-01-24 01:46:40	SAMRecordUtil	Unable to restore hard clipping of truncated read E00602:338:H5KTCCCX2:2:1217:19451:23196. No sequence match to full length alignment record.
WARNING	2023-01-24 01:46:40	SAMRecordUtil	Unable to restore hard clipping of truncated read E00602:338:H5KTCCCX2:2:1217:23561:66742. No sequence match to full length alignment record.
WARNING	2023-01-24 01:46:41	SAMRecordUtil	Unable to restore hard clipping of truncated read E00602:338:H5KTCCCX2:2:2122:23084:43062. No sequence match to full length alignment record.
WARNING	2023-01-24 01:46:41	SAMRecordUtil	Unable to restore hard clipping of truncated read E00602:338:H5KTCCCX2:2:2201:5446:51219. No sequence match to full length alignment record.
WARNING	2023-01-24 01:46:42	SAMRecordUtil	Unable to restore hard clipping of truncated read E00602:338:H5KTCCCX2:2:2212:10226:12490. No sequence match to full length alignment record.
WARNING	2023-01-24 01:46:42	SAMRecordUtil	Unable to restore hard clipping of truncated read E00602:338:H5KTCCCX2:2:2213:31751:2768. No sequence match to full length alignment record.
WARNING	2023-01-24 01:46:42	SAMRecordUtil	Unable to restore hard clipping of truncated read E00602:338:H5KTCCCX2:3:1108:6390:52748. No sequence match to full length alignment record.
WARNING	2023-01-24 01:46:42	SAMRecordUtil	Unable to restore hard clipping of truncated read E00602:338:H5KTCCCX2:3:1108:7354:43659. No sequence match to full length alignment record.
WARNING	2023-01-24 01:46:42	SAMRecordUtil	Unable to restore hard clipping of truncated read E00602:338:H5KTCCCX2:3:1108:6644:54313. No sequence match to full length alignment record.
WARNING	2023-01-24 01:46:42	SAMRecordUtil	Unable to restore hard clipping of truncated read E00602:338:H5KTCCCX2:3:1120:16924:41286. No sequence match to full length alignment record.
WARNING	2023-01-24 01:46:42	SAMRecordUtil	Unable to restore hard clipping of truncated read E00602:338:H5KTCCCX2:3:1121:20222:27837. No sequence match to full length alignment record.
WARNING	2023-01-24 01:46:42	SAMRecordUtil	Unable to restore hard clipping of truncated read E00602:338:H5KTCCCX2:3:1121:25530:31125. No sequence match to full length alignment record.
WARNING	2023-01-24 01:46:42	SAMRecordUtil	Unable to restore hard clipping of truncated read E00602:338:H5KTCCCX2:3:1121:27844:31687. No sequence match to full length alignment record.
WARNING	2023-01-24 01:46:42	SAMRecordUtil	Unable to restore hard clipping of truncated read E00602:338:H5KTCCCX2:3:1201:13880:35485. No sequence match to full length alignment record.
WARNING	2023-01-24 01:46:42	SAMRecordUtil	Unable to restore hard clipping of truncated read E00602:338:H5KTCCCX2:3:1203:14062:35660. No sequence match to full length alignment record.
WARNING	2023-01-24 01:46:42	SAMRecordUtil	Input sanity check failure: different alignment records imply different read lengths E00602:338:H5KTCCCX2:3:1208:23257:25007. This can be cause by GATK indel realignment incorrectly removing hard clipped bases when realigning. Do not use GATK indel realigned BAM files with GRIDSS.
WARNING	2023-01-24 01:46:42	SAMRecordUtil	Unable to restore hard clipping of truncated read E00602:338:H5KTCCCX2:3:1216:14133:23302. No sequence match to full length alignment record.
WARNING	2023-01-24 01:46:42	SAMRecordUtil	Unable to restore hard clipping of truncated read E00602:338:H5KTCCCX2:3:1220:5345:4350. No sequence match to full length alignment record.
WARNING	2023-01-24 01:46:42	SAMRecordUtil	Unable to restore hard clipping of truncated read E00602:338:H5KTCCCX2:3:1220:6238:4034. No sequence match to full length alignment record.
WARNING	2023-01-24 01:46:43	SAMRecordUtil	Unable to restore hard clipping of truncated read E00602:338:H5KTCCCX2:3:1222:18507:28804. No sequence match to full length alignment record.
WARNING	2023-01-24 01:46:43	SAMRecordUtil	Unable to restore hard clipping of truncated read E00602:338:H5KTCCCX2:3:1223:31233:13123. No sequence match to full length alignment record.
WARNING	2023-01-24 01:46:43	SAMRecordUtil	Unable to restore hard clipping of truncated read E00602:338:H5KTCCCX2:3:2102:2930:7023. No sequence match to full length alignment record.
WARNING	2023-01-24 01:46:49	SAMRecordUtil	Unable to restore hard clipping of truncated read E00602:338:H5KTCCCX2:3:2118:22252:52766. No sequence match to full length alignment record.
WARNING	2023-01-24 01:46:53	SAMRecordUtil	Unable to restore hard clipping of truncated read E00602:338:H5KTCCCX2:3:2121:17868:71822. No sequence match to full length alignment record.
[Tue Jan 24 01:46:57 CET 2023] gridss.PreprocessForBreakendAssembly done. Elapsed time: 2.87 minutes.
Runtime.totalMemory()=1932525568
[bam_sort_core] merging from 0 files and 8 in-memory blocks...
Tue Jan 24 01:46:59 CET 2023: Complete pre-processing	/home/msubirana/Documents/phd/sv_prove/NET25_TI.bam
Tue Jan 24 01:46:59 CET 2023: Start assembly	/home/msubirana/Documents/phd/repos/cancer-sv-pipeline/workflow/data/exclude_list.bed.assembly.bam
Tue Jan 24 01:46:59 CET 2023: Running	AssembleBreakends	/home/msubirana/Documents/phd/repos/cancer-sv-pipeline/workflow/data/exclude_list.bed.assembly.bam	job 0	total jobs 1
INFO	2023-01-24 01:47:00	Defaults	Found file for property samjdk.reference_fasta: /mnt/lp-lab1/refs/GCA_000001405.15_GRCh38_no_alt_analysis_set/GCA_000001405.15_GRCh38_no_alt_analysis_set.fa 
INFO	2023-01-24 01:47:00	AssembleBreakends	

********** NOTE: Picard's command line syntax is changing.
**********
********** For more information, please see:
********** https://github.com/broadinstitute/picard/wiki/Command-Line-Syntax-Transition-For-Users-(Pre-Transition)
**********
********** The command line looks like this in the new syntax:
**********
**********    AssembleBreakends -JOB_INDEX 0 -JOB_NODES 1 -TMP_DIR /home/msubirana/Documents/phd/repos/cancer-sv-pipeline/workflow/data -WORKING_DIR /home/msubirana/Documents/phd/repos/cancer-sv-pipeline/workflow/data -REFERENCE_SEQUENCE /mnt/lp-lab1/refs/GCA_000001405.15_GRCh38_no_alt_analysis_set/GCA_000001405.15_GRCh38_no_alt_analysis_set.fa -WORKER_THREADS 8 -INPUT /home/msubirana/Documents/phd/sv_prove/NET25_TI.bam -BLACKLIST /home/msubirana/Documents/phd/sv_prove/NET25_BL.bam -READ_PAIR_CONCORDANT_PERCENT 0.995 -O /home/msubirana/Documents/phd/repos/cancer-sv-pipeline/workflow/data/exclude_list.bed.assembly.bam
**********


01:47:00.342 INFO  NativeLibraryLoader - Loading libgkl_compression.so from jar:file:/home/msubirana/Documents/phd/repos/cancer-sv-pipeline/workflow/.snakemake/conda/3bf62699/share/gridss-2.11.1-1/gridss.jar!/com/intel/gkl/native/libgkl_compression.so
[Tue Jan 24 01:47:00 CET 2023] AssembleBreakends OUTPUT=/home/msubirana/Documents/phd/repos/cancer-sv-pipeline/workflow/data/exclude_list.bed.assembly.bam JOB_INDEX=0 JOB_NODES=1 INPUT=[/home/msubirana/Documents/phd/sv_prove/NET25_TI.bam] READ_PAIR_CONCORDANT_PERCENT=0.995 BLACKLIST=/home/msubirana/Documents/phd/sv_prove/NET25_BL.bam WORKER_THREADS=8 WORKING_DIR=/home/msubirana/Documents/phd/repos/cancer-sv-pipeline/workflow/data TMP_DIR=[/home/msubirana/Documents/phd/repos/cancer-sv-pipeline/workflow/data] REFERENCE_SEQUENCE=/mnt/lp-lab1/refs/GCA_000001405.15_GRCh38_no_alt_analysis_set/GCA_000001405.15_GRCh38_no_alt_analysis_set.fa    IGNORE_DUPLICATES=true VERBOSITY=INFO QUIET=false VALIDATION_STRINGENCY=STRICT COMPRESSION_LEVEL=5 MAX_RECORDS_IN_RAM=500000 CREATE_INDEX=false CREATE_MD5_FILE=false GA4GH_CLIENT_SECRETS=client_secrets.json USE_JDK_DEFLATER=false USE_JDK_INFLATER=false
[Tue Jan 24 01:47:00 CET 2023] Executing as msubirana@msg on Linux 5.14.0-1056-oem amd64; OpenJDK 64-Bit Server VM 11.0.1+13-LTS; Deflater: Intel; Inflater: Intel; Provider GCS is not available; Picard version: 2.11.1-gridss
INFO	2023-01-24 01:47:00	GridssConfiguration	maxCoverage=25000
INFO	2023-01-24 01:47:00	GridssConfiguration	minMapq=20
INFO	2023-01-24 01:47:00	GridssConfiguration	fallbackMapq=20
INFO	2023-01-24 01:47:00	GridssConfiguration	fallbackBaseq=20
INFO	2023-01-24 01:47:00	GridssConfiguration	minAnchorShannonEntropy=0.5
INFO	2023-01-24 01:47:00	GridssConfiguration	dovetailMargin=4
INFO	2023-01-24 01:47:00	GridssConfiguration	softclip.minAverageQual=5.0
INFO	2023-01-24 01:47:00	GridssConfiguration	softclip.minLength=5
INFO	2023-01-24 01:47:00	GridssConfiguration	softclip.minAnchorIdentity=0.95
INFO	2023-01-24 01:47:00	GridssConfiguration	softclip.realignSplitReads=false
INFO	2023-01-24 01:47:00	GridssConfiguration	useReadGroupSampleNameCategoryLabel=true
INFO	2023-01-24 01:47:00	GridssConfiguration	chunkSize=10000000
INFO	2023-01-24 01:47:00	GridssConfiguration	chunkSequenceChangePenalty=250000
INFO	2023-01-24 01:47:00	GridssConfiguration	hashEvidenceID=true
INFO	2023-01-24 01:47:00	GridssConfiguration	adapter=AGATCGGAAGAG
INFO	2023-01-24 01:47:00	GridssConfiguration	adapter=ATGGAATTCTCG
INFO	2023-01-24 01:47:00	GridssConfiguration	adapter=CTGTCTCTTATA
INFO	2023-01-24 01:47:00	GridssConfiguration	scoring.model=FastEmpiricalReferenceLikelihood
INFO	2023-01-24 01:47:00	GridssConfiguration	assembly.k=25
INFO	2023-01-24 01:47:00	GridssConfiguration	assembly.minReads=3
INFO	2023-01-24 01:47:00	GridssConfiguration	assembly.includePairAnchors=true
INFO	2023-01-24 01:47:00	GridssConfiguration	assembly.pairAnchorMismatchIgnoreEndBases=5
INFO	2023-01-24 01:47:00	GridssConfiguration	assembly.writeFiltered=false
INFO	2023-01-24 01:47:00	GridssConfiguration	assembly.anchorLength=300
INFO	2023-01-24 01:47:00	GridssConfiguration	assembly.removeMisassembledPartialContigsDuringAssembly=true
INFO	2023-01-24 01:47:00	GridssConfiguration	assembly.maxExpectedBreakendLengthMultiple=1.5
INFO	2023-01-24 01:47:00	GridssConfiguration	assembly.errorCorrection.kmerErrorCorrectionMultiple=10.0
INFO	2023-01-24 01:47:00	GridssConfiguration	assembly.errorCorrection.k=21
INFO	2023-01-24 01:47:00	GridssConfiguration	assembly.realignContigs=true
INFO	2023-01-24 01:47:00	GridssConfiguration	assembly.recoverAfterError=true
INFO	2023-01-24 01:47:00	GridssConfiguration	assembly.downsample.acceptDensityPortion=0.1
INFO	2023-01-24 01:47:00	GridssConfiguration	assembly.downsample.targetEvidenceDensity=1
INFO	2023-01-24 01:47:00	GridssConfiguration	assembly.downsample.minimumDensityWindowSize=1000
INFO	2023-01-24 01:47:00	GridssConfiguration	assembly.downsample.densityDownsampleRateClippedReads=0.9
INFO	2023-01-24 01:47:00	GridssConfiguration	assembly.downsample.densityDownsampleRateDiscordantReads=0.75
INFO	2023-01-24 01:47:00	GridssConfiguration	assembly.positional.maxPathLengthMultiple=1.1
INFO	2023-01-24 01:47:00	GridssConfiguration	assembly.positional.retainWidthMultiple=2.0
INFO	2023-01-24 01:47:00	GridssConfiguration	assembly.positional.flushWidthMultiple=1.0
INFO	2023-01-24 01:47:00	GridssConfiguration	assembly.positional.maximumNodeDensity=2.0
INFO	2023-01-24 01:47:00	GridssConfiguration	assembly.positional.trimSelfIntersectingReads=true
INFO	2023-01-24 01:47:00	GridssConfiguration	assembly.positional.forceFullMemoizationRecalculationAt=0.8
INFO	2023-01-24 01:47:00	GridssConfiguration	assembly.positional.safetyModePathCountThreshold=50000
INFO	2023-01-24 01:47:00	GridssConfiguration	assembly.positional.safetyModeContigsToCall=3
INFO	2023-01-24 01:47:00	GridssConfiguration	assembly.contigNamePrefix=asm%d-
INFO	2023-01-24 01:47:00	GridssConfiguration	assembly.longReadReadLengthThreshold=1000
INFO	2023-01-24 01:47:00	GridssConfiguration	variantcalling.minReads=2
INFO	2023-01-24 01:47:00	GridssConfiguration	variantcalling.minScore=50.0
INFO	2023-01-24 01:47:00	GridssConfiguration	variantcalling.minSize=10
INFO	2023-01-24 01:47:00	GridssConfiguration	variantcalling.callUnassembledBreakpoints=true
INFO	2023-01-24 01:47:00	GridssConfiguration	variantcalling.callUnassembledBreakends=false
INFO	2023-01-24 01:47:00	GridssConfiguration	variantcalling.callFullyAnchoredAssemblyVariants=false
INFO	2023-01-24 01:47:00	GridssConfiguration	variantcalling.breakendMargin=10
INFO	2023-01-24 01:47:00	GridssConfiguration	variantcalling.writeFiltered=false
INFO	2023-01-24 01:47:00	GridssConfiguration	variantcalling.simplecalls=false
INFO	2023-01-24 01:47:00	GridssConfiguration	variantcalling.maxBreakendHomologyLength=300
INFO	2023-01-24 01:47:00	GridssConfiguration	variantcalling.breakendHomologyAlignmentMargin=10
INFO	2023-01-24 01:47:00	GridssConfiguration	variantcalling.requireAssemblyCategorySupport=true
INFO	2023-01-24 01:47:00	GridssConfiguration	variantcalling.callBreakends=true
INFO	2023-01-24 01:47:00	GridssConfiguration	variantcalling.includeSupportingReadNames=false
INFO	2023-01-24 01:47:00	GridssConfiguration	variantcalling.breakpointLowQuality=500.0
INFO	2023-01-24 01:47:00	GridssConfiguration	variantcalling.breakendLowQuality=1500.0
INFO	2023-01-24 01:47:00	GridssConfiguration	variantcalling.breakendMaxAssemblySupportBias=0.5
INFO	2023-01-24 01:47:00	GridssConfiguration	variantcalling.ignoreMissingAssemblyFile=false
INFO	2023-01-24 01:47:00	GridssConfiguration	terminateOnFirstError=true
INFO	2023-01-24 01:47:00	GridssConfiguration	visualisation.directory=visualisation
INFO	2023-01-24 01:47:00	GridssConfiguration	visualisation.buffers=false
INFO	2023-01-24 01:47:00	GridssConfiguration	visualisation.bufferTrackingItervalInSeconds=60
INFO	2023-01-24 01:47:00	GridssConfiguration	visualisation.timeouts=false
INFO	2023-01-24 01:47:00	GridssConfiguration	visualisation.evidenceAllocation=false
INFO	2023-01-24 01:47:00	GridssConfiguration	visualisation.assemblyProgress=false
INFO	2023-01-24 01:47:00	GridssConfiguration	visualisation.assemblyTelemetry=false
INFO	2023-01-24 01:47:00	GridssConfiguration	visualisation.maxCliqueTelemetry=false
INFO	2023-01-24 01:47:00	GridssConfiguration	visualisation.assemblyGraph=false
INFO	2023-01-24 01:47:00	GridssConfiguration	visualisation.assemblyGraphFullSize=false
INFO	2023-01-24 01:47:00	GridssConfiguration	visualisation.assemblyContigMemoization=false
INFO	2023-01-24 01:47:00	TwoBitBufferedReferenceSequenceFile	Loading reference genome from cache /mnt/lp-lab1/refs/GCA_000001405.15_GRCh38_no_alt_analysis_set/GCA_000001405.15_GRCh38_no_alt_analysis_set.fa.gridsscache
[Tue Jan 24 01:47:00 CET 2023] gridss.AssembleBreakends done. Elapsed time: 0.00 minutes.
Runtime.totalMemory()=524288000
Exception in thread "main" htsjdk.tribble.TribbleException$MalformedFeatureFile: Error parsing LineIteratorImpl(SynchronousLineReader) at the first record, for input source: /home/msubirana/Documents/phd/sv_prove/NET25_BL.bam
	at htsjdk.tribble.TribbleIndexedFeatureReader$WFIterator.readNextRecord(TribbleIndexedFeatureReader.java:396)
	at htsjdk.tribble.TribbleIndexedFeatureReader$WFIterator.<init>(TribbleIndexedFeatureReader.java:342)
	at htsjdk.tribble.TribbleIndexedFeatureReader.iterator(TribbleIndexedFeatureReader.java:309)
	at au.edu.wehi.idsv.bed.IntervalBed.toRangeSet(IntervalBed.java:62)
	at au.edu.wehi.idsv.bed.IntervalBed.<init>(IntervalBed.java:34)
	at au.edu.wehi.idsv.GenomicProcessingContext.setBlacklist(GenomicProcessingContext.java:306)
	at gridss.cmdline.MultipleSamFileCommandLineProgram.getContext(MultipleSamFileCommandLineProgram.java:199)
	at gridss.cmdline.MultipleSamFileCommandLineProgram.doWork(MultipleSamFileCommandLineProgram.java:153)
	at picard.cmdline.CommandLineProgram.instanceMain(CommandLineProgram.java:305)
	at gridss.AssembleBreakends.main(AssembleBreakends.java:35)
Caused by: java.lang.NumberFormatException: For input string: "??1?Q???$?`??`?????w???&??&???w????9s??3??M"
	at java.base/java.lang.NumberFormatException.forInputString(NumberFormatException.java:65)
	at java.base/java.lang.Integer.parseInt(Integer.java:652)
	at java.base/java.lang.Integer.parseInt(Integer.java:770)
	at htsjdk.tribble.bed.BEDCodec.decode(BEDCodec.java:140)
	at htsjdk.tribble.bed.BEDCodec.decode(BEDCodec.java:92)
	at htsjdk.tribble.bed.BEDCodec.decode(BEDCodec.java:44)
	at htsjdk.tribble.AsciiFeatureCodec.decode(AsciiFeatureCodec.java:70)
	at htsjdk.tribble.AsciiFeatureCodec.decode(AsciiFeatureCodec.java:37)
	at htsjdk.tribble.TribbleIndexedFeatureReader$WFIterator.readNextRecord(TribbleIndexedFeatureReader.java:375)
	... 9 more
