Command exited with non-zero status 1
	Command being timed: "java -Xmx30g -Dsamjdk.reference_fasta=/mnt/lp-lab1/refs/GCA_000001405.15_GRCh38_no_alt_analysis_set/GCA_000001405.15_GRCh38_no_alt_analysis_set.fa -Dsamjdk.use_async_io_read_samtools=true -Dsamjdk.use_async_io_write_samtools=true -Dsamjdk.use_async_io_write_tribble=true -Dsamjdk.buffer_size=4194304 -Dsamjdk.async_io_read_threads=8 -Dgridss.output_to_temp_file=true -cp /home/msubirana/miniconda3/envs/gridss/share/gridss-2.11.1-1/gridss.jar gridss.AssembleBreakends JOB_INDEX=0 JOB_NODES=1 TMP_DIR=/home/msubirana/Documents/phd/repos/cancer-sv-pipeline/workflow/data WORKING_DIR=/home/msubirana/Documents/phd/repos/cancer-sv-pipeline/workflow/data REFERENCE_SEQUENCE=/mnt/lp-lab1/refs/GCA_000001405.15_GRCh38_no_alt_analysis_set/GCA_000001405.15_GRCh38_no_alt_analysis_set.fa WORKER_THREADS=8 INPUT=/home/msubirana/Documents/phd/sv_prove/NET25_TI.bam BLACKLIST=/home/msubirana/Documents/phd/sv_prove/NET25_BL.bam READ_PAIR_CONCORDANT_PERCENT=0.995 O=/home/msubirana/Documents/phd/repos/cancer-sv-pipeline/workflow/data/exclude_list.bed.assembly.bam"
	User time (seconds): 2.13
	System time (seconds): 0.22
	Percent of CPU this job got: 135%
	Elapsed (wall clock) time (h:mm:ss or m:ss): 0:01.74
	Average shared text size (kbytes): 0
	Average unshared data size (kbytes): 0
	Average stack size (kbytes): 0
	Average total size (kbytes): 0
	Maximum resident set size (kbytes): 366428
	Average resident set size (kbytes): 0
	Major (requiring I/O) page faults: 24
	Minor (reclaiming a frame) page faults: 90028
	Voluntary context switches: 3188
	Involuntary context switches: 21
	Swaps: 0
	File system inputs: 32944
	File system outputs: 1328
	Socket messages sent: 0
	Socket messages received: 0
	Signals delivered: 0
	Page size (bytes): 4096
	Exit status: 1
