	Command being timed: "java -Xmx4g -Dsamjdk.reference_fasta=/mnt/lp-lab1/refs/GCA_000001405.15_GRCh38_no_alt_analysis_set/GCA_000001405.15_GRCh38_no_alt_analysis_set.fa -Dsamjdk.use_async_io_read_samtools=true -Dsamjdk.use_async_io_write_samtools=true -Dsamjdk.use_async_io_write_tribble=true -Dsamjdk.buffer_size=4194304 -Dsamjdk.async_io_read_threads=8 -cp /home/msubirana/Documents/phd/repos/cancer-sv-pipeline/workflow/.snakemake/conda/3bf62699/share/gridss-2.11.1-1/gridss.jar gridss.analysis.CollectGridssMetrics REFERENCE_SEQUENCE=/mnt/lp-lab1/refs/GCA_000001405.15_GRCh38_no_alt_analysis_set/GCA_000001405.15_GRCh38_no_alt_analysis_set.fa TMP_DIR=/home/msubirana/Documents/phd/repos/cancer-sv-pipeline/workflow/data/NET25_TI.bam.gridss.working ASSUME_SORTED=true I=/home/msubirana/Documents/phd/sv_prove/NET25_TI.bam O=/home/msubirana/Documents/phd/repos/cancer-sv-pipeline/workflow/data/NET25_TI.bam.gridss.working/tmp.NET25_TI.bam THRESHOLD_COVERAGE=50000 FILE_EXTENSION=null GRIDSS_PROGRAM=null GRIDSS_PROGRAM=CollectIdsvMetrics PROGRAM=null PROGRAM=CollectInsertSizeMetrics STOP_AFTER=10000000"
	User time (seconds): 57.41
	System time (seconds): 3.64
	Percent of CPU this job got: 40%
	Elapsed (wall clock) time (h:mm:ss or m:ss): 2:29.53
	Average shared text size (kbytes): 0
	Average unshared data size (kbytes): 0
	Average stack size (kbytes): 0
	Average total size (kbytes): 0
	Maximum resident set size (kbytes): 1289024
	Average resident set size (kbytes): 0
	Major (requiring I/O) page faults: 67
	Minor (reclaiming a frame) page faults: 343474
	Voluntary context switches: 140738
	Involuntary context switches: 5575
	Swaps: 0
	File system inputs: 3563344
	File system outputs: 1936
	Socket messages sent: 0
	Socket messages received: 0
	Signals delivered: 0
	Page size (bytes): 4096
	Exit status: 0
	Command being timed: "java -Xmx4g -Dsamjdk.reference_fasta=/mnt/lp-lab1/refs/GCA_000001405.15_GRCh38_no_alt_analysis_set/GCA_000001405.15_GRCh38_no_alt_analysis_set.fa -Dsamjdk.use_async_io_read_samtools=true -Dsamjdk.use_async_io_write_samtools=true -Dsamjdk.use_async_io_write_tribble=true -Dsamjdk.buffer_size=4194304 -Dsamjdk.async_io_read_threads=8 -cp /home/msubirana/Documents/phd/repos/cancer-sv-pipeline/workflow/.snakemake/conda/3bf62699/share/gridss-2.11.1-1/gridss.jar gridss.CollectGridssMetricsAndExtractSVReads REFERENCE_SEQUENCE=/mnt/lp-lab1/refs/GCA_000001405.15_GRCh38_no_alt_analysis_set/GCA_000001405.15_GRCh38_no_alt_analysis_set.fa TMP_DIR=/home/msubirana/Documents/phd/repos/cancer-sv-pipeline/workflow/data/NET25_TI.bam.gridss.working ASSUME_SORTED=true I=/home/msubirana/Documents/phd/sv_prove/NET25_TI.bam O=/home/msubirana/Documents/phd/repos/cancer-sv-pipeline/workflow/data/NET25_TI.bam.gridss.working/NET25_TI.bam THRESHOLD_COVERAGE=50000 FILE_EXTENSION=null GRIDSS_PROGRAM=null GRIDSS_PROGRAM=CollectCigarMetrics GRIDSS_PROGRAM=CollectMapqMetrics GRIDSS_PROGRAM=CollectTagMetrics GRIDSS_PROGRAM=CollectIdsvMetrics GRIDSS_PROGRAM=ReportThresholdCoverage PROGRAM=null PROGRAM=CollectInsertSizeMetrics SV_OUTPUT=/dev/stdout COMPRESSION_LEVEL=0 INSERT_SIZE_METRICS=/home/msubirana/Documents/phd/repos/cancer-sv-pipeline/workflow/data/NET25_TI.bam.gridss.working/tmp.NET25_TI.bam.insert_size_metrics READ_PAIR_CONCORDANT_PERCENT=0.995 UNMAPPED_READS=false MIN_CLIP_LENGTH=5 INCLUDE_DUPLICATES=true"
	User time (seconds): 72.69
	System time (seconds): 2.68
	Percent of CPU this job got: 252%
	Elapsed (wall clock) time (h:mm:ss or m:ss): 0:29.90
	Average shared text size (kbytes): 0
	Average unshared data size (kbytes): 0
	Average stack size (kbytes): 0
	Average total size (kbytes): 0
	Maximum resident set size (kbytes): 1238556
	Average resident set size (kbytes): 0
	Major (requiring I/O) page faults: 29
	Minor (reclaiming a frame) page faults: 335400
	Voluntary context switches: 242963
	Involuntary context switches: 21040
	Swaps: 0
	File system inputs: 4320
	File system outputs: 1704
	Socket messages sent: 0
	Socket messages received: 0
	Signals delivered: 0
	Page size (bytes): 4096
	Exit status: 0
	Command being timed: "samtools sort -n -T /home/msubirana/Documents/phd/repos/cancer-sv-pipeline/workflow/data/NET25_TI.bam.gridss.working/tmp.NET25_TI.bam.namedsorted-tmp -Obam -o /home/msubirana/Documents/phd/repos/cancer-sv-pipeline/workflow/data/NET25_TI.bam.gridss.working/tmp.NET25_TI.bam.namedsorted.bam -@ 8 /dev/stdin"
	User time (seconds): 5.47
	System time (seconds): 0.25
	Percent of CPU this job got: 18%
	Elapsed (wall clock) time (h:mm:ss or m:ss): 0:31.16
	Average shared text size (kbytes): 0
	Average unshared data size (kbytes): 0
	Average stack size (kbytes): 0
	Average total size (kbytes): 0
	Maximum resident set size (kbytes): 202496
	Average resident set size (kbytes): 0
	Major (requiring I/O) page faults: 1
	Minor (reclaiming a frame) page faults: 52061
	Voluntary context switches: 4648
	Involuntary context switches: 1948
	Swaps: 0
	File system inputs: 8
	File system outputs: 114520
	Socket messages sent: 0
	Socket messages received: 0
	Signals delivered: 0
	Page size (bytes): 4096
	Exit status: 0
	Command being timed: "java -Xmx4g -Dsamjdk.reference_fasta=/mnt/lp-lab1/refs/GCA_000001405.15_GRCh38_no_alt_analysis_set/GCA_000001405.15_GRCh38_no_alt_analysis_set.fa -Dsamjdk.use_async_io_read_samtools=true -Dsamjdk.use_async_io_write_samtools=true -Dsamjdk.use_async_io_write_tribble=true -Dsamjdk.buffer_size=4194304 -Dsamjdk.async_io_read_threads=8 -cp /home/msubirana/Documents/phd/repos/cancer-sv-pipeline/workflow/.snakemake/conda/3bf62699/share/gridss-2.11.1-1/gridss.jar gridss.PreprocessForBreakendAssembly TMP_DIR=/home/msubirana/Documents/phd/repos/cancer-sv-pipeline/workflow/data/NET25_TI.bam.gridss.working WORKING_DIR=/home/msubirana/Documents/phd/repos/cancer-sv-pipeline/workflow/data REFERENCE_SEQUENCE=/mnt/lp-lab1/refs/GCA_000001405.15_GRCh38_no_alt_analysis_set/GCA_000001405.15_GRCh38_no_alt_analysis_set.fa COMPRESSION_LEVEL=0 I=/home/msubirana/Documents/phd/repos/cancer-sv-pipeline/workflow/data/NET25_TI.bam.gridss.working/tmp.NET25_TI.bam.namedsorted.bam O=/dev/stdout WORKER_THREADS=8 ALIGNER=BWAMEM ALIGNER_BATCH_SIZE=10000 MODIFICATION_SUMMARY_FILE=/home/msubirana/Documents/phd/repos/cancer-sv-pipeline/workflow/data/NET25_TI.bam.gridss.working/NET25_TI.bam.computesamtags.changes.tsv"
	User time (seconds): 85.14
	System time (seconds): 4.97
	Percent of CPU this job got: 52%
	Elapsed (wall clock) time (h:mm:ss or m:ss): 2:52.74
	Average shared text size (kbytes): 0
	Average unshared data size (kbytes): 0
	Average stack size (kbytes): 0
	Average total size (kbytes): 0
	Maximum resident set size (kbytes): 7513104
	Average resident set size (kbytes): 0
	Major (requiring I/O) page faults: 32895
	Minor (reclaiming a frame) page faults: 638899
	Voluntary context switches: 165686
	Involuntary context switches: 11040
	Swaps: 0
	File system inputs: 4105776
	File system outputs: 3512
	Socket messages sent: 0
	Socket messages received: 0
	Signals delivered: 0
	Page size (bytes): 4096
	Exit status: 0
	Command being timed: "samtools sort -@ 8 -T /home/msubirana/Documents/phd/repos/cancer-sv-pipeline/workflow/data/NET25_TI.bam.gridss.working/tmp.NET25_TI.bam.sc2sr.suppsorted.sv-tmp -Obam -o /home/msubirana/Documents/phd/repos/cancer-sv-pipeline/workflow/data/NET25_TI.bam.gridss.working/NET25_TI.bam.sv.tmp.bam /dev/stdin"
	User time (seconds): 4.41
	System time (seconds): 0.30
	Percent of CPU this job got: 2%
	Elapsed (wall clock) time (h:mm:ss or m:ss): 2:53.95
	Average shared text size (kbytes): 0
	Average unshared data size (kbytes): 0
	Average stack size (kbytes): 0
	Average total size (kbytes): 0
	Maximum resident set size (kbytes): 234628
	Average resident set size (kbytes): 0
	Major (requiring I/O) page faults: 1
	Minor (reclaiming a frame) page faults: 58844
	Voluntary context switches: 6932
	Involuntary context switches: 2698
	Swaps: 0
	File system inputs: 32
	File system outputs: 102920
	Socket messages sent: 0
	Socket messages received: 0
	Signals delivered: 0
	Page size (bytes): 4096
	Exit status: 0
	Command being timed: "samtools index /home/msubirana/Documents/phd/repos/cancer-sv-pipeline/workflow/data/NET25_TI.bam.gridss.working/NET25_TI.bam.sv.tmp.bam"
	User time (seconds): 0.34
	System time (seconds): 0.01
	Percent of CPU this job got: 86%
	Elapsed (wall clock) time (h:mm:ss or m:ss): 0:00.42
	Average shared text size (kbytes): 0
	Average unshared data size (kbytes): 0
	Average stack size (kbytes): 0
	Average total size (kbytes): 0
	Maximum resident set size (kbytes): 6872
	Average resident set size (kbytes): 0
	Major (requiring I/O) page faults: 0
	Minor (reclaiming a frame) page faults: 1020
	Voluntary context switches: 4
	Involuntary context switches: 1
	Swaps: 0
	File system inputs: 0
	File system outputs: 3712
	Socket messages sent: 0
	Socket messages received: 0
	Signals delivered: 0
	Page size (bytes): 4096
	Exit status: 0
Command exited with non-zero status 1
	Command being timed: "java -Xmx30g -Dsamjdk.reference_fasta=/mnt/lp-lab1/refs/GCA_000001405.15_GRCh38_no_alt_analysis_set/GCA_000001405.15_GRCh38_no_alt_analysis_set.fa -Dsamjdk.use_async_io_read_samtools=true -Dsamjdk.use_async_io_write_samtools=true -Dsamjdk.use_async_io_write_tribble=true -Dsamjdk.buffer_size=4194304 -Dsamjdk.async_io_read_threads=8 -Dgridss.output_to_temp_file=true -cp /home/msubirana/Documents/phd/repos/cancer-sv-pipeline/workflow/.snakemake/conda/3bf62699/share/gridss-2.11.1-1/gridss.jar gridss.AssembleBreakends JOB_INDEX=0 JOB_NODES=1 TMP_DIR=/home/msubirana/Documents/phd/repos/cancer-sv-pipeline/workflow/data WORKING_DIR=/home/msubirana/Documents/phd/repos/cancer-sv-pipeline/workflow/data REFERENCE_SEQUENCE=/mnt/lp-lab1/refs/GCA_000001405.15_GRCh38_no_alt_analysis_set/GCA_000001405.15_GRCh38_no_alt_analysis_set.fa WORKER_THREADS=8 INPUT=/home/msubirana/Documents/phd/sv_prove/NET25_TI.bam BLACKLIST=/home/msubirana/Documents/phd/sv_prove/NET25_BL.bam READ_PAIR_CONCORDANT_PERCENT=0.995 O=/home/msubirana/Documents/phd/repos/cancer-sv-pipeline/workflow/data/exclude_list.bed.assembly.bam"
	User time (seconds): 1.55
	System time (seconds): 0.14
	Percent of CPU this job got: 237%
	Elapsed (wall clock) time (h:mm:ss or m:ss): 0:00.71
	Average shared text size (kbytes): 0
	Average unshared data size (kbytes): 0
	Average stack size (kbytes): 0
	Average total size (kbytes): 0
	Maximum resident set size (kbytes): 113204
	Average resident set size (kbytes): 0
	Major (requiring I/O) page faults: 8
	Minor (reclaiming a frame) page faults: 26023
	Voluntary context switches: 2162
	Involuntary context switches: 21
	Swaps: 0
	File system inputs: 1856
	File system outputs: 1328
	Socket messages sent: 0
	Socket messages received: 0
	Signals delivered: 0
	Page size (bytes): 4096
	Exit status: 1
